Build started 10/04/2013 19:36:30.
     1>Project "c:\Users\Paul\documents\visual studio 2010\Projects\Cracker\Cracker\Cracker.vcxproj" on node 2 (build target(s)).
     1>InitializeBuildStatus:
         Creating "Debug\Cracker.unsuccessfulbuild" because "AlwaysCreate" was specified.
       ClCompile:
         C:\Program Files (x86)\Microsoft Visual Studio 10.0\VC\bin\CL.exe /c /ZI /nologo /W3 /WX- /Od /Oy- /D WIN32 /D _DEBUG /D _CONSOLE /D _UNICODE /D UNICODE /Gm /EHsc /RTC1 /MDd /GS /fp:precise /Zc:wchar_t /Zc:forScope /Fo"Debug\\" /Fd"Debug\vc100.pdb" /Gd /TP /analyze- /errorReport:prompt main.cpp
         main.cpp
     1>c:\users\paul\documents\visual studio 2010\projects\cracker\cracker\main.cpp(34): warning C4018: '<' : signed/unsigned mismatch
       ManifestResourceCompile:
         All outputs are up-to-date.
       Link:
         C:\Program Files (x86)\Microsoft Visual Studio 10.0\VC\bin\link.exe /ERRORREPORT:PROMPT /OUT:"c:\users\paul\documents\visual studio 2010\Projects\Cracker\Debug\Cracker.exe" /INCREMENTAL /NOLOGO kernel32.lib user32.lib gdi32.lib winspool.lib comdlg32.lib advapi32.lib shell32.lib ole32.lib oleaut32.lib uuid.lib odbc32.lib odbccp32.lib /MANIFEST /ManifestFile:"Debug\Cracker.exe.intermediate.manifest" /MANIFESTUAC:"level='asInvoker' uiAccess='false'" /DEBUG /PDB:"c:\users\paul\documents\visual studio 2010\Projects\Cracker\Debug\Cracker.pdb" /SUBSYSTEM:CONSOLE /TLBID:1 /DYNAMICBASE /NXCOMPAT /IMPLIB:"c:\users\paul\documents\visual studio 2010\Projects\Cracker\Debug\Cracker.lib" /MACHINE:X86 Debug\Cracker.exe.embed.manifest.res
         Debug\main.obj
       Manifest:
         C:\Program Files (x86)\Microsoft SDKs\Windows\v7.0A\bin\mt.exe /nologo /verbose /out:"Debug\Cracker.exe.embed.manifest" /manifest Debug\Cracker.exe.intermediate.manifest
         All outputs are up-to-date.
       LinkEmbedManifest:
         All outputs are up-to-date.
         Cracker.vcxproj -> c:\users\paul\documents\visual studio 2010\Projects\Cracker\Debug\Cracker.exe
       FinalizeBuildStatus:
         Deleting file "Debug\Cracker.unsuccessfulbuild".
         Touching "Debug\Cracker.lastbuildstate".
     1>Done Building Project "c:\Users\Paul\documents\visual studio 2010\Projects\Cracker\Cracker\Cracker.vcxproj" (build target(s)).

Build succeeded.

Time Elapsed 00:00:01.03
